2024-06-07 10:07:09.868  INFO 17688 --- [restartedMain] com.gem.TestPaperSysApplication          : Starting TestPaperSysApplication using Java 17.0.2 on 中国菠萝电脑 with PID 17688 (D:\JavaEE_project\Paper\testPaperSys\target\classes started by gaox in D:\JavaEE_project\Paper)
2024-06-07 10:07:09.875  INFO 17688 --- [restartedMain] com.gem.TestPaperSysApplication          : No active profile set, falling back to default profiles: default
2024-06-07 10:07:09.930  INFO 17688 --- [restartedMain] .e.DevToolsPropertyDefaultsPostProcessor : Devtools property defaults active! Set 'spring.devtools.add-properties' to 'false' to disable
2024-06-07 10:07:09.930  INFO 17688 --- [restartedMain] .e.DevToolsPropertyDefaultsPostProcessor : For additional web related logging consider setting the 'logging.level.web' property to 'DEBUG'
2024-06-07 10:07:10.549  INFO 17688 --- [restartedMain] .s.d.r.c.RepositoryConfigurationDelegate : Multiple Spring Data modules found, entering strict repository configuration mode!
2024-06-07 10:07:10.551  INFO 17688 --- [restartedMain] .s.d.r.c.RepositoryConfigurationDelegate : Bootstrapping Spring Data Redis repositories in DEFAULT mode.
2024-06-07 10:07:10.576  INFO 17688 --- [restartedMain] .s.d.r.c.RepositoryConfigurationDelegate : Finished Spring Data repository scanning in 13 ms. Found 0 Redis repository interfaces.
2024-06-07 10:07:11.157  INFO 17688 --- [restartedMain] o.s.b.w.embedded.tomcat.TomcatWebServer  : Tomcat initialized with port(s): 9527 (http)
2024-06-07 10:07:11.166  INFO 17688 --- [restartedMain] o.apache.catalina.core.StandardService   : Starting service [Tomcat]
2024-06-07 10:07:11.166  INFO 17688 --- [restartedMain] org.apache.catalina.core.StandardEngine  : Starting Servlet engine: [Apache Tomcat/9.0.41]
2024-06-07 10:07:11.168  INFO 17688 --- [restartedMain] o.a.catalina.core.AprLifecycleListener   : Loaded Apache Tomcat Native library [1.2.35] using APR version [1.7.0].
2024-06-07 10:07:11.169  INFO 17688 --- [restartedMain] o.a.catalina.core.AprLifecycleListener   : APR capabilities: IPv6 [true], sendfile [true], accept filters [false], random [true].
2024-06-07 10:07:11.169  INFO 17688 --- [restartedMain] o.a.catalina.core.AprLifecycleListener   : APR/OpenSSL configuration: useAprConnector [false], useOpenSSL [true]
2024-06-07 10:07:11.181  INFO 17688 --- [restartedMain] o.a.catalina.core.AprLifecycleListener   : OpenSSL successfully initialized [OpenSSL 1.1.1q  5 Jul 2022]
2024-06-07 10:07:11.313  INFO 17688 --- [restartedMain] o.a.c.c.C.[Tomcat].[localhost].[/]       : Initializing Spring embedded WebApplicationContext
2024-06-07 10:07:11.314  INFO 17688 --- [restartedMain] w.s.c.ServletWebServerApplicationContext : Root WebApplicationContext: initialization completed in 1384 ms
2024-06-07 10:07:12.339  INFO 17688 --- [restartedMain] o.s.s.concurrent.ThreadPoolTaskExecutor  : Initializing ExecutorService 'applicationTaskExecutor'
2024-06-07 10:07:12.425  INFO 17688 --- [restartedMain] o.s.b.a.w.s.WelcomePageHandlerMapping    : Adding welcome page: ServletContext resource [/index.html]
2024-06-07 10:07:12.613  INFO 17688 --- [restartedMain] o.s.b.d.a.OptionalLiveReloadServer       : LiveReload server is running on port 35729
2024-06-07 10:07:12.669  INFO 17688 --- [restartedMain] o.s.b.w.embedded.tomcat.TomcatWebServer  : Tomcat started on port(s): 9527 (http) with context path ''
2024-06-07 10:07:12.678  INFO 17688 --- [restartedMain] com.gem.TestPaperSysApplication          : Started TestPaperSysApplication in 3.085 seconds (JVM running for 4.088)
2024-06-07 10:07:44.723  INFO 17688 --- [http-nio-9527-exec-1] o.a.c.c.C.[Tomcat].[localhost].[/]       : Initializing Spring DispatcherServlet 'dispatcherServlet'
2024-06-07 10:07:44.723  INFO 17688 --- [http-nio-9527-exec-1] o.s.web.servlet.DispatcherServlet        : Initializing Servlet 'dispatcherServlet'
2024-06-07 10:07:44.724  INFO 17688 --- [http-nio-9527-exec-1] o.s.web.servlet.DispatcherServlet        : Completed initialization in 1 ms
2024-06-07 10:07:44.871  INFO 17688 --- [http-nio-9527-exec-2] com.zaxxer.hikari.HikariDataSource       : HikariPool-1 - Starting...
2024-06-07 10:07:45.461  INFO 17688 --- [http-nio-9527-exec-2] com.zaxxer.hikari.HikariDataSource       : HikariPool-1 - Start completed.
2024-06-07 10:19:27.813  INFO 17688 --- [SpringContextShutdownHook] o.s.s.concurrent.ThreadPoolTaskExecutor  : Shutting down ExecutorService 'applicationTaskExecutor'
2024-06-07 10:19:28.019  INFO 17688 --- [SpringContextShutdownHook] com.zaxxer.hikari.HikariDataSource       : HikariPool-1 - Shutdown initiated...
2024-06-07 10:19:28.046  INFO 17688 --- [SpringContextShutdownHook] com.zaxxer.hikari.HikariDataSource       : HikariPool-1 - Shutdown completed.
2024-06-07 10:20:11.782  INFO 7024 --- [restartedMain] com.gem.TestPaperSysApplication          : Starting TestPaperSysApplication using Java 17.0.2 on 中国菠萝电脑 with PID 7024 (D:\JavaEE_project\Paper\testPaperSys\target\classes started by gaox in D:\JavaEE_project\Paper)
2024-06-07 10:20:11.785  INFO 7024 --- [restartedMain] com.gem.TestPaperSysApplication          : No active profile set, falling back to default profiles: default
2024-06-07 10:20:11.822  INFO 7024 --- [restartedMain] .e.DevToolsPropertyDefaultsPostProcessor : Devtools property defaults active! Set 'spring.devtools.add-properties' to 'false' to disable
2024-06-07 10:20:11.822  INFO 7024 --- [restartedMain] .e.DevToolsPropertyDefaultsPostProcessor : For additional web related logging consider setting the 'logging.level.web' property to 'DEBUG'
2024-06-07 10:20:12.277  INFO 7024 --- [restartedMain] .s.d.r.c.RepositoryConfigurationDelegate : Multiple Spring Data modules found, entering strict repository configuration mode!
2024-06-07 10:20:12.279  INFO 7024 --- [restartedMain] .s.d.r.c.RepositoryConfigurationDelegate : Bootstrapping Spring Data Redis repositories in DEFAULT mode.
2024-06-07 10:20:12.300  INFO 7024 --- [restartedMain] .s.d.r.c.RepositoryConfigurationDelegate : Finished Spring Data repository scanning in 12 ms. Found 0 Redis repository interfaces.
2024-06-07 10:20:12.739  INFO 7024 --- [restartedMain] o.s.b.w.embedded.tomcat.TomcatWebServer  : Tomcat initialized with port(s): 9527 (http)
2024-06-07 10:20:12.746  INFO 7024 --- [restartedMain] o.apache.catalina.core.StandardService   : Starting service [Tomcat]
2024-06-07 10:20:12.746  INFO 7024 --- [restartedMain] org.apache.catalina.core.StandardEngine  : Starting Servlet engine: [Apache Tomcat/9.0.41]
2024-06-07 10:20:12.747  INFO 7024 --- [restartedMain] o.a.catalina.core.AprLifecycleListener   : Loaded Apache Tomcat Native library [1.2.35] using APR version [1.7.0].
2024-06-07 10:20:12.747  INFO 7024 --- [restartedMain] o.a.catalina.core.AprLifecycleListener   : APR capabilities: IPv6 [true], sendfile [true], accept filters [false], random [true].
2024-06-07 10:20:12.747  INFO 7024 --- [restartedMain] o.a.catalina.core.AprLifecycleListener   : APR/OpenSSL configuration: useAprConnector [false], useOpenSSL [true]
2024-06-07 10:20:12.751  INFO 7024 --- [restartedMain] o.a.catalina.core.AprLifecycleListener   : OpenSSL successfully initialized [OpenSSL 1.1.1q  5 Jul 2022]
2024-06-07 10:20:12.876  INFO 7024 --- [restartedMain] o.a.c.c.C.[Tomcat].[localhost].[/]       : Initializing Spring embedded WebApplicationContext
2024-06-07 10:20:12.876  INFO 7024 --- [restartedMain] w.s.c.ServletWebServerApplicationContext : Root WebApplicationContext: initialization completed in 1053 ms
2024-06-07 10:20:13.873  INFO 7024 --- [restartedMain] o.s.s.concurrent.ThreadPoolTaskExecutor  : Initializing ExecutorService 'applicationTaskExecutor'
2024-06-07 10:20:13.952  INFO 7024 --- [restartedMain] o.s.b.a.w.s.WelcomePageHandlerMapping    : Adding welcome page: ServletContext resource [/index.html]
2024-06-07 10:20:14.128  INFO 7024 --- [restartedMain] o.s.b.d.a.OptionalLiveReloadServer       : LiveReload server is running on port 35729
2024-06-07 10:20:14.190  INFO 7024 --- [restartedMain] o.s.b.w.embedded.tomcat.TomcatWebServer  : Tomcat started on port(s): 9527 (http) with context path ''
2024-06-07 10:20:14.202  INFO 7024 --- [restartedMain] com.gem.TestPaperSysApplication          : Started TestPaperSysApplication in 2.662 seconds (JVM running for 3.524)
2024-06-07 10:21:55.727  INFO 7024 --- [http-nio-9527-exec-1] o.a.c.c.C.[Tomcat].[localhost].[/]       : Initializing Spring DispatcherServlet 'dispatcherServlet'
2024-06-07 10:21:55.727  INFO 7024 --- [http-nio-9527-exec-1] o.s.web.servlet.DispatcherServlet        : Initializing Servlet 'dispatcherServlet'
2024-06-07 10:21:55.728  INFO 7024 --- [http-nio-9527-exec-1] o.s.web.servlet.DispatcherServlet        : Completed initialization in 1 ms
2024-06-07 10:21:55.840  INFO 7024 --- [http-nio-9527-exec-2] com.zaxxer.hikari.HikariDataSource       : HikariPool-1 - Starting...
2024-06-07 10:21:56.415  INFO 7024 --- [http-nio-9527-exec-2] com.zaxxer.hikari.HikariDataSource       : HikariPool-1 - Start completed.
2024-06-07 11:13:43.010  INFO 7024 --- [Thread-5] o.s.s.concurrent.ThreadPoolTaskExecutor  : Shutting down ExecutorService 'applicationTaskExecutor'
2024-06-07 11:13:43.132  INFO 7024 --- [Thread-5] com.zaxxer.hikari.HikariDataSource       : HikariPool-1 - Shutdown initiated...
2024-06-07 11:13:43.135  INFO 7024 --- [Thread-5] com.zaxxer.hikari.HikariDataSource       : HikariPool-1 - Shutdown completed.
2024-06-07 11:13:43.270  INFO 7024 --- [restartedMain] com.gem.TestPaperSysApplication          : Starting TestPaperSysApplication using Java 17.0.2 on 中国菠萝电脑 with PID 7024 (D:\JavaEE_project\Paper\testPaperSys\target\classes started by gaox in D:\JavaEE_project\Paper)
2024-06-07 11:13:43.271  INFO 7024 --- [restartedMain] com.gem.TestPaperSysApplication          : No active profile set, falling back to default profiles: default
2024-06-07 11:13:43.445  INFO 7024 --- [restartedMain] .s.d.r.c.RepositoryConfigurationDelegate : Multiple Spring Data modules found, entering strict repository configuration mode!
2024-06-07 11:13:43.445  INFO 7024 --- [restartedMain] .s.d.r.c.RepositoryConfigurationDelegate : Bootstrapping Spring Data Redis repositories in DEFAULT mode.
2024-06-07 11:13:43.453  INFO 7024 --- [restartedMain] .s.d.r.c.RepositoryConfigurationDelegate : Finished Spring Data repository scanning in 8 ms. Found 0 Redis repository interfaces.
2024-06-07 11:13:43.528  INFO 7024 --- [restartedMain] o.s.b.w.embedded.tomcat.TomcatWebServer  : Tomcat initialized with port(s): 9527 (http)
2024-06-07 11:13:43.528  INFO 7024 --- [restartedMain] o.apache.catalina.core.StandardService   : Starting service [Tomcat]
2024-06-07 11:13:43.528  INFO 7024 --- [restartedMain] org.apache.catalina.core.StandardEngine  : Starting Servlet engine: [Apache Tomcat/9.0.41]
2024-06-07 11:13:43.529  INFO 7024 --- [restartedMain] o.a.catalina.core.AprLifecycleListener   : Loaded Apache Tomcat Native library [1.2.35] using APR version [1.7.0].
2024-06-07 11:13:43.529  INFO 7024 --- [restartedMain] o.a.catalina.core.AprLifecycleListener   : APR capabilities: IPv6 [true], sendfile [true], accept filters [false], random [true].
2024-06-07 11:13:43.529  INFO 7024 --- [restartedMain] o.a.catalina.core.AprLifecycleListener   : APR/OpenSSL configuration: useAprConnector [false], useOpenSSL [true]
2024-06-07 11:13:43.529  INFO 7024 --- [restartedMain] o.a.catalina.core.AprLifecycleListener   : OpenSSL successfully initialized [OpenSSL 1.1.1q  5 Jul 2022]
2024-06-07 11:13:43.589  INFO 7024 --- [restartedMain] o.a.c.c.C.[Tomcat].[localhost].[/]       : Initializing Spring embedded WebApplicationContext
2024-06-07 11:13:43.589  INFO 7024 --- [restartedMain] w.s.c.ServletWebServerApplicationContext : Root WebApplicationContext: initialization completed in 316 ms
2024-06-07 11:13:43.596  WARN 7024 --- [restartedMain] ConfigServletWebServerApplicationContext : Exception encountered during context initialization - cancelling refresh attempt: org.springframework.beans.factory.BeanCreationException: Error creating bean with name 'courseAnalysis': Lookup method resolution failed; nested exception is java.lang.IllegalStateException: Failed to introspect Class [com.gem.controller.CourseAnalysis] from ClassLoader [org.springframework.boot.devtools.restart.classloader.RestartClassLoader@3abeac45]
2024-06-07 11:13:43.596  INFO 7024 --- [restartedMain] o.apache.catalina.core.StandardService   : Stopping service [Tomcat]
2024-06-07 11:13:43.601  INFO 7024 --- [restartedMain] ConditionEvaluationReportLoggingListener : 

Error starting ApplicationContext. To display the conditions report re-run your application with 'debug' enabled.
2024-06-07 11:13:43.616 ERROR 7024 --- [restartedMain] o.s.boot.SpringApplication               : Application run failed

org.springframework.beans.factory.BeanCreationException: Error creating bean with name 'courseAnalysis': Lookup method resolution failed; nested exception is java.lang.IllegalStateException: Failed to introspect Class [com.gem.controller.CourseAnalysis] from ClassLoader [org.springframework.boot.devtools.restart.classloader.RestartClassLoader@3abeac45]
	at org.springframework.beans.factory.annotation.AutowiredAnnotationBeanPostProcessor.determineCandidateConstructors(AutowiredAnnotationBeanPostProcessor.java:289) ~[spring-beans-5.3.3.jar:5.3.3]
	at org.springframework.beans.factory.support.AbstractAutowireCapableBeanFactory.determineConstructorsFromBeanPostProcessors(AbstractAutowireCapableBeanFactory.java:1286) ~[spring-beans-5.3.3.jar:5.3.3]
	at org.springframework.beans.factory.support.AbstractAutowireCapableBeanFactory.createBeanInstance(AbstractAutowireCapableBeanFactory.java:1203) ~[spring-beans-5.3.3.jar:5.3.3]
	at org.springframework.beans.factory.support.AbstractAutowireCapableBeanFactory.doCreateBean(AbstractAutowireCapableBeanFactory.java:571) ~[spring-beans-5.3.3.jar:5.3.3]
	at org.springframework.beans.factory.support.AbstractAutowireCapableBeanFactory.createBean(AbstractAutowireCapableBeanFactory.java:531) ~[spring-beans-5.3.3.jar:5.3.3]
	at org.springframework.beans.factory.support.AbstractBeanFactory.lambda$doGetBean$0(AbstractBeanFactory.java:335) ~[spring-beans-5.3.3.jar:5.3.3]
	at org.springframework.beans.factory.support.DefaultSingletonBeanRegistry.getSingleton(DefaultSingletonBeanRegistry.java:234) ~[spring-beans-5.3.3.jar:5.3.3]
	at org.springframework.beans.factory.support.AbstractBeanFactory.doGetBean(AbstractBeanFactory.java:333) ~[spring-beans-5.3.3.jar:5.3.3]
	at org.springframework.beans.factory.support.AbstractBeanFactory.getBean(AbstractBeanFactory.java:208) ~[spring-beans-5.3.3.jar:5.3.3]
	at org.springframework.beans.factory.support.DefaultListableBeanFactory.preInstantiateSingletons(DefaultListableBeanFactory.java:944) ~[spring-beans-5.3.3.jar:5.3.3]
	at org.springframework.context.support.AbstractApplicationContext.finishBeanFactoryInitialization(AbstractApplicationContext.java:923) ~[spring-context-5.3.3.jar:5.3.3]
	at org.springframework.context.support.AbstractApplicationContext.refresh(AbstractApplicationContext.java:588) ~[spring-context-5.3.3.jar:5.3.3]
	at org.springframework.boot.web.servlet.context.ServletWebServerApplicationContext.refresh(ServletWebServerApplicationContext.java:144) ~[spring-boot-2.4.2.jar:2.4.2]
	at org.springframework.boot.SpringApplication.refresh(SpringApplication.java:767) ~[spring-boot-2.4.2.jar:2.4.2]
	at org.springframework.boot.SpringApplication.refresh(SpringApplication.java:759) ~[spring-boot-2.4.2.jar:2.4.2]
	at org.springframework.boot.SpringApplication.refreshContext(SpringApplication.java:426) ~[spring-boot-2.4.2.jar:2.4.2]
	at org.springframework.boot.SpringApplication.run(SpringApplication.java:326) ~[spring-boot-2.4.2.jar:2.4.2]
	at org.springframework.boot.SpringApplication.run(SpringApplication.java:1311) ~[spring-boot-2.4.2.jar:2.4.2]
	at org.springframework.boot.SpringApplication.run(SpringApplication.java:1300) ~[spring-boot-2.4.2.jar:2.4.2]
	at com.gem.TestPaperSysApplication.main(TestPaperSysApplication.java:15) ~[classes/:na]
	at java.base/jdk.internal.reflect.NativeMethodAccessorImpl.invoke0(Native Method) ~[na:na]
	at java.base/jdk.internal.reflect.NativeMethodAccessorImpl.invoke(NativeMethodAccessorImpl.java:77) ~[na:na]
	at java.base/jdk.internal.reflect.DelegatingMethodAccessorImpl.invoke(DelegatingMethodAccessorImpl.java:43) ~[na:na]
	at java.base/java.lang.reflect.Method.invoke(Method.java:568) ~[na:na]
	at org.springframework.boot.devtools.restart.RestartLauncher.run(RestartLauncher.java:49) ~[spring-boot-devtools-2.4.2.jar:2.4.2]
Caused by: java.lang.IllegalStateException: Failed to introspect Class [com.gem.controller.CourseAnalysis] from ClassLoader [org.springframework.boot.devtools.restart.classloader.RestartClassLoader@3abeac45]
	at org.springframework.util.ReflectionUtils.getDeclaredMethods(ReflectionUtils.java:481) ~[spring-core-5.3.3.jar:5.3.3]
	at org.springframework.util.ReflectionUtils.doWithLocalMethods(ReflectionUtils.java:321) ~[spring-core-5.3.3.jar:5.3.3]
	at org.springframework.beans.factory.annotation.AutowiredAnnotationBeanPostProcessor.determineCandidateConstructors(AutowiredAnnotationBeanPostProcessor.java:267) ~[spring-beans-5.3.3.jar:5.3.3]
	... 24 common frames omitted
Caused by: java.lang.NoClassDefFoundError: com/gem/vo/chartVo
	at java.base/java.lang.Class.getDeclaredMethods0(Native Method) ~[na:na]
	at java.base/java.lang.Class.privateGetDeclaredMethods(Class.java:3402) ~[na:na]
	at java.base/java.lang.Class.getDeclaredMethods(Class.java:2504) ~[na:na]
	at org.springframework.util.ReflectionUtils.getDeclaredMethods(ReflectionUtils.java:463) ~[spring-core-5.3.3.jar:5.3.3]
	... 26 common frames omitted
Caused by: java.lang.ClassNotFoundException: com.gem.vo.chartVo
	at java.base/jdk.internal.loader.BuiltinClassLoader.loadClass(BuiltinClassLoader.java:641) ~[na:na]
	at java.base/jdk.internal.loader.ClassLoaders$AppClassLoader.loadClass(ClassLoaders.java:188) ~[na:na]
	at java.base/java.lang.ClassLoader.loadClass(ClassLoader.java:520) ~[na:na]
	at java.base/java.lang.Class.forName0(Native Method) ~[na:na]
	at java.base/java.lang.Class.forName(Class.java:467) ~[na:na]
	at org.springframework.boot.devtools.restart.classloader.RestartClassLoader.loadClass(RestartClassLoader.java:144) ~[spring-boot-devtools-2.4.2.jar:2.4.2]
	at java.base/java.lang.ClassLoader.loadClass(ClassLoader.java:520) ~[na:na]
	... 30 common frames omitted

2024-06-07 11:13:46.129  INFO 7024 --- [restartedMain] com.gem.TestPaperSysApplication          : Starting TestPaperSysApplication using Java 17.0.2 on 中国菠萝电脑 with PID 7024 (D:\JavaEE_project\Paper\testPaperSys\target\classes started by gaox in D:\JavaEE_project\Paper)
2024-06-07 11:13:46.129  INFO 7024 --- [restartedMain] com.gem.TestPaperSysApplication          : No active profile set, falling back to default profiles: default
2024-06-07 11:13:46.329  INFO 7024 --- [restartedMain] .s.d.r.c.RepositoryConfigurationDelegate : Multiple Spring Data modules found, entering strict repository configuration mode!
2024-06-07 11:13:46.329  INFO 7024 --- [restartedMain] .s.d.r.c.RepositoryConfigurationDelegate : Bootstrapping Spring Data Redis repositories in DEFAULT mode.
2024-06-07 11:13:46.342  INFO 7024 --- [restartedMain] .s.d.r.c.RepositoryConfigurationDelegate : Finished Spring Data repository scanning in 12 ms. Found 0 Redis repository interfaces.
2024-06-07 11:13:46.411  INFO 7024 --- [restartedMain] o.s.b.w.embedded.tomcat.TomcatWebServer  : Tomcat initialized with port(s): 9527 (http)
2024-06-07 11:13:46.411  INFO 7024 --- [restartedMain] o.apache.catalina.core.StandardService   : Starting service [Tomcat]
2024-06-07 11:13:46.411  INFO 7024 --- [restartedMain] org.apache.catalina.core.StandardEngine  : Starting Servlet engine: [Apache Tomcat/9.0.41]
2024-06-07 11:13:46.412  INFO 7024 --- [restartedMain] o.a.catalina.core.AprLifecycleListener   : Loaded Apache Tomcat Native library [1.2.35] using APR version [1.7.0].
2024-06-07 11:13:46.412  INFO 7024 --- [restartedMain] o.a.catalina.core.AprLifecycleListener   : APR capabilities: IPv6 [true], sendfile [true], accept filters [false], random [true].
2024-06-07 11:13:46.412  INFO 7024 --- [restartedMain] o.a.catalina.core.AprLifecycleListener   : APR/OpenSSL configuration: useAprConnector [false], useOpenSSL [true]
2024-06-07 11:13:46.412  INFO 7024 --- [restartedMain] o.a.catalina.core.AprLifecycleListener   : OpenSSL successfully initialized [OpenSSL 1.1.1q  5 Jul 2022]
2024-06-07 11:13:46.483  INFO 7024 --- [restartedMain] o.a.c.c.C.[Tomcat-1].[localhost].[/]     : Initializing Spring embedded WebApplicationContext
2024-06-07 11:13:46.483  INFO 7024 --- [restartedMain] w.s.c.ServletWebServerApplicationContext : Root WebApplicationContext: initialization completed in 352 ms
2024-06-07 11:13:46.791  INFO 7024 --- [restartedMain] o.s.s.concurrent.ThreadPoolTaskExecutor  : Initializing ExecutorService 'applicationTaskExecutor'
2024-06-07 11:13:46.809  INFO 7024 --- [restartedMain] o.s.b.a.w.s.WelcomePageHandlerMapping    : Adding welcome page: ServletContext resource [/index.html]
2024-06-07 11:13:46.846  INFO 7024 --- [restartedMain] o.s.b.d.a.OptionalLiveReloadServer       : LiveReload server is running on port 35729
2024-06-07 11:13:46.865  INFO 7024 --- [restartedMain] o.s.b.w.embedded.tomcat.TomcatWebServer  : Tomcat started on port(s): 9527 (http) with context path ''
2024-06-07 11:13:46.867  INFO 7024 --- [restartedMain] com.gem.TestPaperSysApplication          : Started TestPaperSysApplication in 0.764 seconds (JVM running for 3216.189)
2024-06-07 11:13:46.868  INFO 7024 --- [restartedMain] .ConditionEvaluationDeltaLoggingListener : Condition evaluation unchanged
